  BaseObject.cpp
  CommonFunc.cpp
D:\Pac\CommonFunc.h(7,10): error C1083: Cannot open include file: 'SDL.h': No such file or directory
  (compiling source file 'BaseObject.cpp')
  
D:\Pac\CommonFunc.h(7,10): error C1083: Cannot open include file: 'SDL.h': No such file or directory
  (compiling source file 'CommonFunc.cpp')
  
  game_map.cpp
D:\Pac\CommonFunc.h(7,10): error C1083: Cannot open include file: 'SDL.h': No such file or directory
  (compiling source file 'game_map.cpp')
  
  Ghost.cpp
D:\Pac\CommonFunc.h(7,10): error C1083: Cannot open include file: 'SDL.h': No such file or directory
  (compiling source file 'Ghost.cpp')
  
  main.cpp
D:\Pac\CommonFunc.h(7,10): error C1083: Cannot open include file: 'SDL.h': No such file or directory
  (compiling source file 'main.cpp')
  
  Menu.cpp
D:\Pac\CommonFunc.h(7,10): error C1083: Cannot open include file: 'SDL.h': No such file or directory
  (compiling source file 'Menu.cpp')
  
  Pacman.cpp
D:\Pac\CommonFunc.h(7,10): error C1083: Cannot open include file: 'SDL.h': No such file or directory
  (compiling source file 'Pacman.cpp')
  
  Text.cpp
D:\Pac\CommonFunc.h(7,10): error C1083: Cannot open include file: 'SDL.h': No such file or directory
  (compiling source file 'Text.cpp')
  
  Timer.cpp
D:\Pac\CommonFunc.h(7,10): error C1083: Cannot open include file: 'SDL.h': No such file or directory
  (compiling source file 'Timer.cpp')
  
  Generating Code...
